main.obj : error LNK2019: unresolved external symbol __imp_glutInit referenced in function main
main.obj : error LNK2019: unresolved external symbol __imp_glutInitWindowPosition referenced in function main
main.obj : error LNK2019: unresolved external symbol __imp_glutInitWindowSize referenced in function main
main.obj : error LNK2019: unresolved external symbol __imp_glutInitDisplayMode referenced in function main
main.obj : error LNK2019: unresolved external symbol __imp_glutMainLoop referenced in function main
main.obj : error LNK2019: unresolved external symbol __imp_glutCreateWindow referenced in function main
main.obj : error LNK2019: unresolved external symbol __imp_glutPostRedisplay referenced in function "void __cdecl callback_motion(int,int)" (?callback_motion@@YAXHH@Z)
main.obj : error LNK2019: unresolved external symbol __imp_glutSwapBuffers referenced in function "void __cdecl window_display(void)" (?window_display@@YAXXZ)
main.obj : error LNK2019: unresolved external symbol __imp_glutIdleFunc referenced in function main
main.obj : error LNK2019: unresolved external symbol __imp_glutKeyboardFunc referenced in function main
main.obj : error LNK2019: unresolved external symbol __imp_glutSpecialFunc referenced in function main
main.obj : error LNK2019: unresolved external symbol __imp_glutDisplayFunc referenced in function main
main.obj : error LNK2019: unresolved external symbol __imp_glutMouseFunc referenced in function main
main.obj : error LNK2019: unresolved external symbol __imp_glutMotionFunc referenced in function main
main.obj : error LNK2019: unresolved external symbol __imp_glutKeyboardUpFunc referenced in function main
main.obj : error LNK2019: unresolved external symbol __imp_glutSpecialUpFunc referenced in function main
main.obj : error LNK2019: unresolved external symbol __imp_glutGet referenced in function "void __cdecl window_display(void)" (?window_display@@YAXXZ)
C:\Users\Fab\Documents\GitHub\EDA-2019-01\OpenGL\freeglut\lib\freeglut.lib : warning LNK4272: library machine type 'x86' conflicts with target machine type 'x64'
C:\Users\Fab\Documents\GitHub\EDA-2019-01\OpenGL\glew-1.11.0\lib\glew32.lib : warning LNK4272: library machine type 'x86' conflicts with target machine type 'x64'
C:\Users\Fab\Documents\GitHub\Computacion-Grafica-2019-02\SpaceWars3D\SpaceWars\x64\Debug\SpaceWars.exe : fatal error LNK1120: 17 unresolved externals
